alacritty
archlinux-keyring
autoconf
automake
base
bc
binutils
bison
btrfs-progs
dmenu
fakeroot
feh
file
findutils
firefox
flex
gawk
gcc
gettext
git
grep
groff
grub
gst-plugin-pipewire
gzip
intel-media-driver
kitty
libpulse
libtool
libva-intel-driver
libva-mesa-driver
linux
linux-firmware
m4
make
nano
nautilus
neofetch
neovim
open-vm-tools
pacman
patch
picom
pipewire
pipewire-alsa
pipewire-jack
pipewire-pulse
pkgconf
python-pip
python-pywal
sed
sudo
sysstat
texinfo
ttf-fira-code
ttf-font-awesome
ttf-joypixels
unzip
vulkan-intel
vulkan-radeon
wget
which
wireplumber
wqy-zenhei
xcompmgr
xf86-video-amdgpu
xf86-video-ati
xf86-video-nouveau
xf86-video-vesa
xf86-video-vmware
xorg-bdftopcf
xorg-docs
xorg-font-util
xorg-fonts-100dpi
xorg-fonts-75dpi
xorg-iceauth
xorg-mkfontscale
xorg-server
xorg-server-devel
xorg-server-xephyr
xorg-server-xnest
xorg-server-xvfb
xorg-sessreg
xorg-smproxy
xorg-x11perf
xorg-xbacklight
xorg-xcmsdb
xorg-xcursorgen
xorg-xdpyinfo
xorg-xdriinfo
xorg-xev
xorg-xgamma
xorg-xhost
xorg-xinit
xorg-xinput
xorg-xkbevd
xorg-xkbutils
xorg-xkill
xorg-xlsatoms
xorg-xlsclients
xorg-xpr
xorg-xprop
xorg-xrefresh
xorg-xset
xorg-xsetroot
xorg-xvinfo
xorg-xwayland
xorg-xwd
xorg-xwininfo
xorg-xwud
xwallpaper
zram-generator
zsh
